// 重构日志: a542dc50
// 重构日志: 427fcc40
// 重构日志: 28c53087
// 重构日志: ed3df798
// 重构日志: 716c84a3
// 重构日志: f726d591
// 重构日志: 1cbb4594
// 重构日志: c2a9672e
// 重构日志: d7c4833c
// 重构日志: 45a2f017
// 重构日志: 370d098e
// 同步 ID: b5f4f651 @ Sat Jun 20 18:05:42 UTC 2026
// 重构日志: bef6db38
// 重构日志: 7f695e8a
// 重构日志: c6337d5c
// 同步 ID: 6702a9fb @ Sun Jun 21 14:16:53 UTC 2026
// 重构日志: 1f16cef7
// 同步 ID: 305a63d3 @ Thu Jun 25 16:09:03 UTC 2026
// 重构日志: 8c460576
// 重构日志: 800321a2
// 同步 ID: 8061aea3 @ Fri Jun 26 07:30:29 UTC 2026
// 重构日志: fd90bdb1
// 重构日志: 6eb53d65
// 重构日志: 775969bf
// 重构日志: fc1a1486
// 重构日志: d0f80298
// 重构日志: 1effb095
// 重构日志: ff28558b
// 重构日志: bc1a30e2
// 同步 ID: 6a040579 @ Tue Jun 30 09:39:34 UTC 2026
// 重构日志: 6e28740c
// 重构日志: 12fb8c75
